[train: 1, 50 / 100] FPS: 2.3 (2.4)  ,  Loss/total: 8.30186  ,  Loss/ce: 8.30186  ,  IoU: 0.04948
[train: 1, 100 / 100] FPS: 2.5 (2.7)  ,  Loss/total: 8.30839  ,  Loss/ce: 8.30839  ,  IoU: 0.04704
[val: 1, 50 / 50] FPS: 5.3 (9.4)  ,  Loss/total: 8.21796  ,  Loss/ce: 8.21796  ,  IoU: 0.11291
[train: 2, 50 / 100] FPS: 2.9 (2.7)  ,  Loss/total: 7.71691  ,  Loss/ce: 7.71691  ,  IoU: 0.06653
[train: 2, 100 / 100] FPS: 2.5 (2.7)  ,  Loss/total: 7.53389  ,  Loss/ce: 7.53389  ,  IoU: 0.05243
[val: 2, 50 / 50] FPS: 7.9 (9.3)  ,  Loss/total: 8.69778  ,  Loss/ce: 8.69778  ,  IoU: 0.10278
[train: 3, 50 / 100] FPS: 2.5 (2.8)  ,  Loss/total: 6.06477  ,  Loss/ce: 6.06477  ,  IoU: 0.03755
[train: 3, 100 / 100] FPS: 2.7 (2.6)  ,  Loss/total: 6.25673  ,  Loss/ce: 6.25673  ,  IoU: 0.03631
[val: 3, 50 / 50] FPS: 7.6 (9.4)  ,  Loss/total: 9.15730  ,  Loss/ce: 9.15730  ,  IoU: 0.00000
[train: 4, 50 / 100] FPS: 2.8 (2.6)  ,  Loss/total: 5.57437  ,  Loss/ce: 5.57437  ,  IoU: 0.02119
[train: 4, 100 / 100] FPS: 2.7 (2.8)  ,  Loss/total: 5.78135  ,  Loss/ce: 5.78135  ,  IoU: 0.03263
[val: 4, 50 / 50] FPS: 8.4 (9.6)  ,  Loss/total: 9.37267  ,  Loss/ce: 9.37267  ,  IoU: 0.00000
[train: 5, 50 / 100] FPS: 2.4 (2.5)  ,  Loss/total: 5.19943  ,  Loss/ce: 5.19943  ,  IoU: 0.02997
[train: 5, 100 / 100] FPS: 2.3 (0.2)  ,  Loss/total: 5.35611  ,  Loss/ce: 5.35611  ,  IoU: 0.03725
[val: 5, 50 / 50] FPS: 8.0 (9.3)  ,  Loss/total: 9.47716  ,  Loss/ce: 9.47716  ,  IoU: 0.00000
[train: 6, 50 / 100] FPS: 2.9 (2.6)  ,  Loss/total: 4.75115  ,  Loss/ce: 4.75115  ,  IoU: 0.04688
[train: 6, 100 / 100] FPS: 2.5 (2.6)  ,  Loss/total: 4.86650  ,  Loss/ce: 4.86650  ,  IoU: 0.04102
[val: 6, 50 / 50] FPS: 8.1 (8.3)  ,  Loss/total: 9.44466  ,  Loss/ce: 9.44466  ,  IoU: 0.00000
[train: 7, 50 / 100] FPS: 2.4 (0.3)  ,  Loss/total: 4.24781  ,  Loss/ce: 4.24781  ,  IoU: 0.05929
[train: 7, 100 / 100] FPS: 2.5 (2.6)  ,  Loss/total: 4.33198  ,  Loss/ce: 4.33198  ,  IoU: 0.06454
[val: 7, 50 / 50] FPS: 7.6 (6.7)  ,  Loss/total: 11.56166  ,  Loss/ce: 11.56166  ,  IoU: 0.00000
[train: 8, 50 / 100] FPS: 2.2 (2.1)  ,  Loss/total: 3.74817  ,  Loss/ce: 3.74817  ,  IoU: 0.14344
[train: 8, 100 / 100] FPS: 2.3 (2.7)  ,  Loss/total: 3.78606  ,  Loss/ce: 3.78606  ,  IoU: 0.16813
[val: 8, 50 / 50] FPS: 8.0 (8.6)  ,  Loss/total: 12.49845  ,  Loss/ce: 12.49845  ,  IoU: 0.00000
[train: 9, 50 / 100] FPS: 2.9 (2.6)  ,  Loss/total: 3.22873  ,  Loss/ce: 3.22873  ,  IoU: 0.34620
[train: 9, 100 / 100] FPS: 2.7 (2.8)  ,  Loss/total: 3.21764  ,  Loss/ce: 3.21764  ,  IoU: 0.39014
[val: 9, 50 / 50] FPS: 8.2 (9.5)  ,  Loss/total: 12.16204  ,  Loss/ce: 12.16204  ,  IoU: 0.00000
[train: 10, 50 / 100] FPS: 2.5 (2.5)  ,  Loss/total: 2.97051  ,  Loss/ce: 2.97051  ,  IoU: 0.35399
[train: 10, 100 / 100] FPS: 2.6 (2.8)  ,  Loss/total: 2.96561  ,  Loss/ce: 2.96561  ,  IoU: 0.35580
[val: 10, 50 / 50] FPS: 7.8 (9.3)  ,  Loss/total: 13.37461  ,  Loss/ce: 13.37461  ,  IoU: 0.00000
[train: 3, 50 / 100] FPS: 2.2 (2.7)  ,  Loss/total: 6.06477  ,  Loss/ce: 6.06477  ,  IoU: 0.03755
[train: 3, 100 / 100] FPS: 2.5 (2.4)  ,  Loss/total: 6.25673  ,  Loss/ce: 6.25673  ,  IoU: 0.03631
[val: 3, 50 / 50] FPS: 4.8 (8.9)  ,  Loss/total: 9.15730  ,  Loss/ce: 9.15730  ,  IoU: 0.00000
[train: 4, 50 / 100] FPS: 2.7 (2.2)  ,  Loss/total: 5.57437  ,  Loss/ce: 5.57437  ,  IoU: 0.02119
[train: 4, 100 / 100] FPS: 2.5 (2.7)  ,  Loss/total: 5.78135  ,  Loss/ce: 5.78135  ,  IoU: 0.03263
[val: 4, 50 / 50] FPS: 7.6 (7.7)  ,  Loss/total: 9.37267  ,  Loss/ce: 9.37267  ,  IoU: 0.00000
[train: 5, 50 / 100] FPS: 2.2 (2.8)  ,  Loss/total: 5.19943  ,  Loss/ce: 5.19943  ,  IoU: 0.02997
[train: 5, 100 / 100] FPS: 2.3 (2.7)  ,  Loss/total: 5.35611  ,  Loss/ce: 5.35611  ,  IoU: 0.03725
[val: 5, 50 / 50] FPS: 5.7 (9.3)  ,  Loss/total: 9.47716  ,  Loss/ce: 9.47716  ,  IoU: 0.00000
[train: 6, 50 / 100] FPS: 2.9 (1.8)  ,  Loss/total: 4.75115  ,  Loss/ce: 4.75115  ,  IoU: 0.04688
[train: 6, 100 / 100] FPS: 2.5 (2.6)  ,  Loss/total: 4.86650  ,  Loss/ce: 4.86650  ,  IoU: 0.04102
[val: 6, 50 / 50] FPS: 7.7 (8.7)  ,  Loss/total: 9.44466  ,  Loss/ce: 9.44466  ,  IoU: 0.00000
[train: 7, 50 / 100] FPS: 2.4 (2.8)  ,  Loss/total: 4.24781  ,  Loss/ce: 4.24781  ,  IoU: 0.05929
[train: 7, 100 / 100] FPS: 2.6 (2.6)  ,  Loss/total: 4.33198  ,  Loss/ce: 4.33198  ,  IoU: 0.06454
[val: 7, 50 / 50] FPS: 7.2 (7.7)  ,  Loss/total: 11.56166  ,  Loss/ce: 11.56166  ,  IoU: 0.00000
[train: 8, 50 / 100] FPS: 2.8 (2.7)  ,  Loss/total: 3.74817  ,  Loss/ce: 3.74817  ,  IoU: 0.14344
[train: 8, 100 / 100] FPS: 2.5 (2.7)  ,  Loss/total: 3.78606  ,  Loss/ce: 3.78606  ,  IoU: 0.16813
[val: 8, 50 / 50] FPS: 5.9 (8.0)  ,  Loss/total: 12.49845  ,  Loss/ce: 12.49845  ,  IoU: 0.00000
[train: 9, 50 / 100] FPS: 2.0 (2.5)  ,  Loss/total: 3.22873  ,  Loss/ce: 3.22873  ,  IoU: 0.34620
[train: 9, 100 / 100] FPS: 2.2 (1.2)  ,  Loss/total: 3.21764  ,  Loss/ce: 3.21764  ,  IoU: 0.39014
[val: 9, 50 / 50] FPS: 5.4 (9.3)  ,  Loss/total: 12.16204  ,  Loss/ce: 12.16204  ,  IoU: 0.00000
[train: 10, 50 / 100] FPS: 2.3 (2.6)  ,  Loss/total: 2.97051  ,  Loss/ce: 2.97051  ,  IoU: 0.35399
[train: 10, 100 / 100] FPS: 2.3 (2.7)  ,  Loss/total: 2.96561  ,  Loss/ce: 2.96561  ,  IoU: 0.35580
[val: 10, 50 / 50] FPS: 6.9 (7.6)  ,  Loss/total: 13.37461  ,  Loss/ce: 13.37461  ,  IoU: 0.00000
